<?xml version="1.0" encoding="UTF-8"?>
<!-- Generated by org.testng.reporters.JUnitXMLReporter -->
<testsuite hostname="Chico" name="test1" tests="2" failures="1" timestamp="1 Jul 2017 08:31:58 GMT" time="0.048" errors="0">
  <testcase name="testPrintMessage" time="0.017" classname="test.GroupTestExample"/>
  <testcase name="testingExitMessage" time="0.005" classname="test.GroupTestExample">
    <failure type="java.lang.AssertionError" message="expected [www..com] but found [www.tutorialspoint.com]">
      <![CDATA[java.lang.AssertionError: expected [www..com] but found [www.tutorialspoint.com]
	at test.GroupTestExample.testingExitMessage(GroupTestExample.java:29)
... Removed 29 stack frames]]>
    </failure>
  </testcase> <!-- testingExitMessage -->
</testsuite> <!-- test1 -->
